
> 3d-print-manager-backend@1.0.0 start
> node src/server.js

🚀 3D Print Manager API running on http://localhost:5000
📦 Environment: development
[SLA] Overdue monitoring started (every 30 min)
✅ Connected to PostgreSQL database
📦 DB: avo-adb-002.postgres.database.azure.com:5432/print3d_manager
✅ Connected to PostgreSQL database
📦 DB: avo-adb-002.postgres.database.azure.com:5432/print3d_manager
✅ Connected to PostgreSQL database
📦 DB: avo-adb-002.postgres.database.azure.com:5432/print3d_manager
✅ Connected to PostgreSQL database
📦 DB: avo-adb-002.postgres.database.azure.com:5432/print3d_manager
✅ Connected to PostgreSQL database
📦 DB: avo-adb-002.postgres.database.azure.com:5432/print3d_manager
✅ Connected to PostgreSQL database
📦 DB: avo-adb-002.postgres.database.azure.com:5432/print3d_manager
✅ Connected to PostgreSQL database
📦 DB: avo-adb-002.postgres.database.azure.com:5432/print3d_manager
✅ Connected to PostgreSQL database
📦 DB: avo-adb-002.postgres.database.azure.com:5432/print3d_manager
✅ Connected to PostgreSQL database
📦 DB: avo-adb-002.postgres.database.azure.com:5432/print3d_manager
✅ Connected to PostgreSQL database
📦 DB: avo-adb-002.postgres.database.azure.com:5432/print3d_manager
✅ Connected to PostgreSQL database
📦 DB: avo-adb-002.postgres.database.azure.com:5432/print3d_manager
✅ Connected to PostgreSQL database
📦 DB: avo-adb-002.postgres.database.azure.com:5432/print3d_manager
✅ Connected to PostgreSQL database
📦 DB: avo-adb-002.postgres.database.azure.com:5432/print3d_manager
